{
  "RSpec": {
    "coverage": {
      "/Users/andela/Desktop/todo-app-api/spec/support/request_spec_helper.rb": [
        1,
        null,
        1,
        0,
        null,
        null
      ],
      "/Users/andela/Desktop/todo-app-api/app/controllers/items_controller.rb": [
        1,
        null
      ],
      "/Users/andela/Desktop/todo-app-api/app/controllers/application_controller.rb": [
        1,
        null
      ],
      "/Users/andela/Desktop/todo-app-api/spec/controllers/todos_controller_spec.rb": [
        1,
        null,
        1,
        null,
        null
      ],
      "/Users/andela/Desktop/todo-app-api/app/controllers/todos_controller.rb": [
        1,
        null
      ],
      "/Users/andela/Desktop/todo-app-api/spec/models/item_spec.rb": [
        1,
        null,
        1,
        1,
        2,
        2,
        null
      ],
      "/Users/andela/Desktop/todo-app-api/app/models/item.rb": [
        1,
        1,
        1,
        null
      ],
      "/Users/andela/Desktop/todo-app-api/app/models/application_record.rb": [
        1,
        1,
        null
      ],
      "/Users/andela/Desktop/todo-app-api/spec/models/todo_spec.rb": [
        1,
        null,
        1,
        1,
        null,
        2,
        2,
        2,
        null
      ],
      "/Users/andela/Desktop/todo-app-api/app/models/todo.rb": [
        1,
        1,
        1,
        null
      ],
      "/Users/andela/Desktop/todo-app-api/spec/requests/items_spec.rb": [

      ],
      "/Users/andela/Desktop/todo-app-api/spec/requests/todos_spec.rb": [
        1,
        null,
        1,
        null,
        14,
        6,
        null,
        null,
        1,
        null,
        3,
        null,
        1,
        null,
        0,
        0,
        null,
        null,
        1,
        0,
        null,
        null,
        null,
        null,
        1,
        5,
        null,
        1,
        1,
        0,
        0,
        null,
        null,
        1,
        0,
        null,
        null,
        null,
        1,
        3,
        null,
        1,
        0,
        null,
        null,
        1,
        0,
        null,
        null,
        null,
        null,
        null,
        1,
        null,
        3,
        null,
        1,
        3,
        null,
        1,
        0,
        null,
        null,
        1,
        0,
        null,
        null,
        null,
        1,
        3,
        null,
        1,
        0,
        null,
        null,
        1,
        0,
        null,
        null,
        null,
        null,
        null,
        null,
        1,
        3,
        null,
        1,
        3,
        null,
        1,
        0,
        null,
        null,
        1,
        0,
        null,
        null,
        null,
        null,
        null,
        1,
        2,
        null,
        1,
        0,
        null,
        null,
        null
      ]
    },
    "timestamp": 1560840496
  }
}
